<?xml version="1.0" encoding="UTF-8"?>
<!-- Generated by org.testng.reporters.JUnitReportReporter -->
<testsuite skipped="0" hostname="LAPTOP-MHTJ6FP0" name="com.leafBot.testcases.TC002_CreateLead" tests="2" failures="0" timestamp="15 Mar 2020 10:24:05 GMT" time="49.029" errors="0">
  <testcase name="createAcc" time="25.442" classname="com.leafBot.testcases.TC002_CreateLead"/>
  <testcase name="createAcc" time="23.587" classname="com.leafBot.testcases.TC002_CreateLead"/>
</testsuite> <!-- com.leafBot.testcases.TC002_CreateLead -->
