<?xml version="1.0" encoding="UTF-8"?>
<!-- Generated by org.testng.reporters.JUnitReportReporter -->
<testsuite skipped="0" hostname="LAPTOP-MHTJ6FP0" name="com.leafBot.testcases.TC001_CreateAccountTest1" tests="2" failures="0" timestamp="15 Mar 2020 10:40:31 GMT" time="46.652" errors="0">
  <testcase name="createAcc" time="22.264" classname="com.leafBot.testcases.TC001_CreateAccountTest1"/>
  <testcase name="createAcc" time="24.388" classname="com.leafBot.testcases.TC001_CreateAccountTest1"/>
</testsuite> <!-- com.leafBot.testcases.TC001_CreateAccountTest1 -->
