<?xml version="1.0" encoding="UTF-8"?>
<!-- Generated by org.testng.reporters.JUnitReportReporter -->
<testsuite skipped="0" hostname="LAPTOP-MHTJ6FP0" name="com.leafBot.testcases.TC001_CreateAccount" tests="2" failures="0" timestamp="15 Mar 2020 11:03:43 GMT" time="52.060" errors="0">
  <testcase name="createAcc" time="25.502" classname="com.leafBot.testcases.TC001_CreateAccount"/>
  <testcase name="createAcc" time="26.558" classname="com.leafBot.testcases.TC001_CreateAccount"/>
</testsuite> <!-- com.leafBot.testcases.TC001_CreateAccount -->
